2021-10-28 21:00:47[WARN] user: janh
GET /
USE eager loading detected
  Proposal => [:image]
  Add to your query: .includes([:image])
Call stack
  /mnt/h/rails/democylabs/consul/app/components/widget/feeds/proposal_component.html.erb:3:in `call'
  /mnt/h/rails/democylabs/consul/app/components/widget/feeds/feed_component.html.erb:9:in `block in call'
  /mnt/h/rails/democylabs/consul/app/components/widget/feeds/feed_component.html.erb:8:in `call'
  /mnt/h/rails/democylabs/consul/app/components/widget/feeds/participation_component.html.erb:4:in `block in call'
  /mnt/h/rails/democylabs/consul/app/components/widget/feeds/participation_component.html.erb:2:in `each'
  /mnt/h/rails/democylabs/consul/app/components/widget/feeds/participation_component.html.erb:2:in `call'
  /mnt/h/rails/democylabs/consul/app/views/welcome/_feeds.html.erb:1:in `_app_views_welcome__feeds_html_erb___4542848154569620059_257060'
  /mnt/h/rails/democylabs/consul/app/views/welcome/index.html.erb:17:in `_app_views_welcome_index_html_erb___1619489535976913044_256000'
  /mnt/h/rails/democylabs/consul/config/initializers/wicked_pdf.rb:10:in `render'

2021-10-28 21:00:47[WARN] user: janh
GET /
USE eager loading detected
  Proposal => [:translations]
  Add to your query: .includes([:translations])
Call stack
  /mnt/h/rails/democylabs/consul/app/components/widget/feeds/proposal_component.html.erb:4:in `call'
  /mnt/h/rails/democylabs/consul/app/components/widget/feeds/feed_component.html.erb:9:in `block in call'
  /mnt/h/rails/democylabs/consul/app/components/widget/feeds/feed_component.html.erb:8:in `call'
  /mnt/h/rails/democylabs/consul/app/components/widget/feeds/participation_component.html.erb:4:in `block in call'
  /mnt/h/rails/democylabs/consul/app/components/widget/feeds/participation_component.html.erb:2:in `each'
  /mnt/h/rails/democylabs/consul/app/components/widget/feeds/participation_component.html.erb:2:in `call'
  /mnt/h/rails/democylabs/consul/app/views/welcome/_feeds.html.erb:1:in `_app_views_welcome__feeds_html_erb___4542848154569620059_257060'
  /mnt/h/rails/democylabs/consul/app/views/welcome/index.html.erb:17:in `_app_views_welcome_index_html_erb___1619489535976913044_256000'
  /mnt/h/rails/democylabs/consul/config/initializers/wicked_pdf.rb:10:in `render'

2021-10-28 21:00:47[WARN] user: janh
GET /
USE eager loading detected
  Proposal => [:sdg_goals]
  Add to your query: .includes([:sdg_goals])
Call stack
  /mnt/h/rails/democylabs/consul/app/components/sdg/tag_list_component.rb:11:in `render?'
  /mnt/h/rails/democylabs/consul/app/components/widget/feeds/proposal_component.html.erb:6:in `call'
  /mnt/h/rails/democylabs/consul/app/components/widget/feeds/feed_component.html.erb:9:in `block in call'
  /mnt/h/rails/democylabs/consul/app/components/widget/feeds/feed_component.html.erb:8:in `call'
  /mnt/h/rails/democylabs/consul/app/components/widget/feeds/participation_component.html.erb:4:in `block in call'
  /mnt/h/rails/democylabs/consul/app/components/widget/feeds/participation_component.html.erb:2:in `each'
  /mnt/h/rails/democylabs/consul/app/components/widget/feeds/participation_component.html.erb:2:in `call'
  /mnt/h/rails/democylabs/consul/app/views/welcome/_feeds.html.erb:1:in `_app_views_welcome__feeds_html_erb___4542848154569620059_257060'
  /mnt/h/rails/democylabs/consul/app/views/welcome/index.html.erb:17:in `_app_views_welcome_index_html_erb___1619489535976913044_256000'
  /mnt/h/rails/democylabs/consul/config/initializers/wicked_pdf.rb:10:in `render'

2021-10-28 21:00:47[WARN] user: janh
GET /
USE eager loading detected
  Proposal => [:sdg_relations]
  Add to your query: .includes([:sdg_relations])
Call stack
  /mnt/h/rails/democylabs/consul/app/models/concerns/sdg/relatable.rb:56:in `sdg_targets'
  /mnt/h/rails/democylabs/consul/app/components/sdg/tag_list_component.rb:11:in `render?'
  /mnt/h/rails/democylabs/consul/app/components/widget/feeds/proposal_component.html.erb:6:in `call'
  /mnt/h/rails/democylabs/consul/app/components/widget/feeds/feed_component.html.erb:9:in `block in call'
  /mnt/h/rails/democylabs/consul/app/components/widget/feeds/feed_component.html.erb:8:in `call'
  /mnt/h/rails/democylabs/consul/app/components/widget/feeds/participation_component.html.erb:4:in `block in call'
  /mnt/h/rails/democylabs/consul/app/components/widget/feeds/participation_component.html.erb:2:in `each'
  /mnt/h/rails/democylabs/consul/app/components/widget/feeds/participation_component.html.erb:2:in `call'
  /mnt/h/rails/democylabs/consul/app/views/welcome/_feeds.html.erb:1:in `_app_views_welcome__feeds_html_erb___4542848154569620059_257060'
  /mnt/h/rails/democylabs/consul/app/views/welcome/index.html.erb:17:in `_app_views_welcome_index_html_erb___1619489535976913044_256000'
  /mnt/h/rails/democylabs/consul/config/initializers/wicked_pdf.rb:10:in `render'

2021-10-28 21:00:47[WARN] user: janh
GET /
USE eager loading detected
  Proposal => [:sdg_global_targets]
  Add to your query: .includes([:sdg_global_targets])
Call stack
  /mnt/h/rails/democylabs/consul/app/models/concerns/sdg/relatable.rb:56:in `sdg_targets'
  /mnt/h/rails/democylabs/consul/app/components/sdg/tag_list_component.rb:11:in `render?'
  /mnt/h/rails/democylabs/consul/app/components/widget/feeds/proposal_component.html.erb:6:in `call'
  /mnt/h/rails/democylabs/consul/app/components/widget/feeds/feed_component.html.erb:9:in `block in call'
  /mnt/h/rails/democylabs/consul/app/components/widget/feeds/feed_component.html.erb:8:in `call'
  /mnt/h/rails/democylabs/consul/app/components/widget/feeds/participation_component.html.erb:4:in `block in call'
  /mnt/h/rails/democylabs/consul/app/components/widget/feeds/participation_component.html.erb:2:in `each'
  /mnt/h/rails/democylabs/consul/app/components/widget/feeds/participation_component.html.erb:2:in `call'
  /mnt/h/rails/democylabs/consul/app/views/welcome/_feeds.html.erb:1:in `_app_views_welcome__feeds_html_erb___4542848154569620059_257060'
  /mnt/h/rails/democylabs/consul/app/views/welcome/index.html.erb:17:in `_app_views_welcome_index_html_erb___1619489535976913044_256000'
  /mnt/h/rails/democylabs/consul/config/initializers/wicked_pdf.rb:10:in `render'

2021-10-28 21:00:47[WARN] user: janh
GET /
USE eager loading detected
  Proposal => [:sdg_local_targets]
  Add to your query: .includes([:sdg_local_targets])
Call stack
  /mnt/h/rails/democylabs/consul/app/models/concerns/sdg/relatable.rb:56:in `sdg_targets'
  /mnt/h/rails/democylabs/consul/app/components/sdg/tag_list_component.rb:11:in `render?'
  /mnt/h/rails/democylabs/consul/app/components/widget/feeds/proposal_component.html.erb:6:in `call'
  /mnt/h/rails/democylabs/consul/app/components/widget/feeds/feed_component.html.erb:9:in `block in call'
  /mnt/h/rails/democylabs/consul/app/components/widget/feeds/feed_component.html.erb:8:in `call'
  /mnt/h/rails/democylabs/consul/app/components/widget/feeds/participation_component.html.erb:4:in `block in call'
  /mnt/h/rails/democylabs/consul/app/components/widget/feeds/participation_component.html.erb:2:in `each'
  /mnt/h/rails/democylabs/consul/app/components/widget/feeds/participation_component.html.erb:2:in `call'
  /mnt/h/rails/democylabs/consul/app/views/welcome/_feeds.html.erb:1:in `_app_views_welcome__feeds_html_erb___4542848154569620059_257060'
  /mnt/h/rails/democylabs/consul/app/views/welcome/index.html.erb:17:in `_app_views_welcome_index_html_erb___1619489535976913044_256000'
  /mnt/h/rails/democylabs/consul/config/initializers/wicked_pdf.rb:10:in `render'

2021-10-28 21:00:47[WARN] user: janh
GET /
USE eager loading detected
  Debate => [:translations]
  Add to your query: .includes([:translations])
Call stack
  /mnt/h/rails/democylabs/consul/app/components/widget/feeds/debate_component.html.erb:2:in `call'
  /mnt/h/rails/democylabs/consul/app/components/widget/feeds/feed_component.html.erb:9:in `block in call'
  /mnt/h/rails/democylabs/consul/app/components/widget/feeds/feed_component.html.erb:8:in `call'
  /mnt/h/rails/democylabs/consul/app/components/widget/feeds/participation_component.html.erb:4:in `block in call'
  /mnt/h/rails/democylabs/consul/app/components/widget/feeds/participation_component.html.erb:2:in `each'
  /mnt/h/rails/democylabs/consul/app/components/widget/feeds/participation_component.html.erb:2:in `call'
  /mnt/h/rails/democylabs/consul/app/views/welcome/_feeds.html.erb:1:in `_app_views_welcome__feeds_html_erb___4542848154569620059_257060'
  /mnt/h/rails/democylabs/consul/app/views/welcome/index.html.erb:17:in `_app_views_welcome_index_html_erb___1619489535976913044_256000'
  /mnt/h/rails/democylabs/consul/config/initializers/wicked_pdf.rb:10:in `render'

2021-10-28 21:00:47[WARN] user: janh
GET /
USE eager loading detected
  Debate => [:sdg_goals]
  Add to your query: .includes([:sdg_goals])
Call stack
  /mnt/h/rails/democylabs/consul/app/components/sdg/tag_list_component.rb:11:in `render?'
  /mnt/h/rails/democylabs/consul/app/components/widget/feeds/debate_component.html.erb:3:in `call'
  /mnt/h/rails/democylabs/consul/app/components/widget/feeds/feed_component.html.erb:9:in `block in call'
  /mnt/h/rails/democylabs/consul/app/components/widget/feeds/feed_component.html.erb:8:in `call'
  /mnt/h/rails/democylabs/consul/app/components/widget/feeds/participation_component.html.erb:4:in `block in call'
  /mnt/h/rails/democylabs/consul/app/components/widget/feeds/participation_component.html.erb:2:in `each'
  /mnt/h/rails/democylabs/consul/app/components/widget/feeds/participation_component.html.erb:2:in `call'
  /mnt/h/rails/democylabs/consul/app/views/welcome/_feeds.html.erb:1:in `_app_views_welcome__feeds_html_erb___4542848154569620059_257060'
  /mnt/h/rails/democylabs/consul/app/views/welcome/index.html.erb:17:in `_app_views_welcome_index_html_erb___1619489535976913044_256000'
  /mnt/h/rails/democylabs/consul/config/initializers/wicked_pdf.rb:10:in `render'

2021-10-28 21:00:47[WARN] user: janh
GET /
USE eager loading detected
  Debate => [:sdg_relations]
  Add to your query: .includes([:sdg_relations])
Call stack
  /mnt/h/rails/democylabs/consul/app/models/concerns/sdg/relatable.rb:56:in `sdg_targets'
  /mnt/h/rails/democylabs/consul/app/components/sdg/tag_list_component.rb:11:in `render?'
  /mnt/h/rails/democylabs/consul/app/components/widget/feeds/debate_component.html.erb:3:in `call'
  /mnt/h/rails/democylabs/consul/app/components/widget/feeds/feed_component.html.erb:9:in `block in call'
  /mnt/h/rails/democylabs/consul/app/components/widget/feeds/feed_component.html.erb:8:in `call'
  /mnt/h/rails/democylabs/consul/app/components/widget/feeds/participation_component.html.erb:4:in `block in call'
  /mnt/h/rails/democylabs/consul/app/components/widget/feeds/participation_component.html.erb:2:in `each'
  /mnt/h/rails/democylabs/consul/app/components/widget/feeds/participation_component.html.erb:2:in `call'
  /mnt/h/rails/democylabs/consul/app/views/welcome/_feeds.html.erb:1:in `_app_views_welcome__feeds_html_erb___4542848154569620059_257060'
  /mnt/h/rails/democylabs/consul/app/views/welcome/index.html.erb:17:in `_app_views_welcome_index_html_erb___1619489535976913044_256000'
  /mnt/h/rails/democylabs/consul/config/initializers/wicked_pdf.rb:10:in `render'

2021-10-28 21:00:47[WARN] user: janh
GET /
USE eager loading detected
  Debate => [:sdg_global_targets]
  Add to your query: .includes([:sdg_global_targets])
Call stack
  /mnt/h/rails/democylabs/consul/app/models/concerns/sdg/relatable.rb:56:in `sdg_targets'
  /mnt/h/rails/democylabs/consul/app/components/sdg/tag_list_component.rb:11:in `render?'
  /mnt/h/rails/democylabs/consul/app/components/widget/feeds/debate_component.html.erb:3:in `call'
  /mnt/h/rails/democylabs/consul/app/components/widget/feeds/feed_component.html.erb:9:in `block in call'
  /mnt/h/rails/democylabs/consul/app/components/widget/feeds/feed_component.html.erb:8:in `call'
  /mnt/h/rails/democylabs/consul/app/components/widget/feeds/participation_component.html.erb:4:in `block in call'
  /mnt/h/rails/democylabs/consul/app/components/widget/feeds/participation_component.html.erb:2:in `each'
  /mnt/h/rails/democylabs/consul/app/components/widget/feeds/participation_component.html.erb:2:in `call'
  /mnt/h/rails/democylabs/consul/app/views/welcome/_feeds.html.erb:1:in `_app_views_welcome__feeds_html_erb___4542848154569620059_257060'
  /mnt/h/rails/democylabs/consul/app/views/welcome/index.html.erb:17:in `_app_views_welcome_index_html_erb___1619489535976913044_256000'
  /mnt/h/rails/democylabs/consul/config/initializers/wicked_pdf.rb:10:in `render'

2021-10-28 21:00:47[WARN] user: janh
GET /
USE eager loading detected
  Debate => [:sdg_local_targets]
  Add to your query: .includes([:sdg_local_targets])
Call stack
  /mnt/h/rails/democylabs/consul/app/models/concerns/sdg/relatable.rb:56:in `sdg_targets'
  /mnt/h/rails/democylabs/consul/app/components/sdg/tag_list_component.rb:11:in `render?'
  /mnt/h/rails/democylabs/consul/app/components/widget/feeds/debate_component.html.erb:3:in `call'
  /mnt/h/rails/democylabs/consul/app/components/widget/feeds/feed_component.html.erb:9:in `block in call'
  /mnt/h/rails/democylabs/consul/app/components/widget/feeds/feed_component.html.erb:8:in `call'
  /mnt/h/rails/democylabs/consul/app/components/widget/feeds/participation_component.html.erb:4:in `block in call'
  /mnt/h/rails/democylabs/consul/app/components/widget/feeds/participation_component.html.erb:2:in `each'
  /mnt/h/rails/democylabs/consul/app/components/widget/feeds/participation_component.html.erb:2:in `call'
  /mnt/h/rails/democylabs/consul/app/views/welcome/_feeds.html.erb:1:in `_app_views_welcome__feeds_html_erb___4542848154569620059_257060'
  /mnt/h/rails/democylabs/consul/app/views/welcome/index.html.erb:17:in `_app_views_welcome_index_html_erb___1619489535976913044_256000'
  /mnt/h/rails/democylabs/consul/config/initializers/wicked_pdf.rb:10:in `render'

2021-10-28 21:00:47[WARN] user: janh
GET /
USE eager loading detected
  Widget::Card => [:image]
  Add to your query: .includes([:image])
Call stack
  /mnt/h/rails/democylabs/consul/app/views/shared/_card.html.erb:6:in `block in _app_views_shared__card_html_erb___4322917787869788948_263140'
  /mnt/h/rails/democylabs/consul/app/views/shared/_card.html.erb:3:in `_app_views_shared__card_html_erb___4322917787869788948_263140'
  /mnt/h/rails/democylabs/consul/app/views/shared/_cards.html.erb:4:in `block in _app_views_shared__cards_html_erb__4423757543227983040_263100'
  /mnt/h/rails/democylabs/consul/app/views/shared/_cards.html.erb:3:in `_app_views_shared__cards_html_erb__4423757543227983040_263100'
  /mnt/h/rails/democylabs/consul/app/views/welcome/index.html.erb:24:in `_app_views_welcome_index_html_erb___1619489535976913044_256000'
  /mnt/h/rails/democylabs/consul/config/initializers/wicked_pdf.rb:10:in `render'

2021-10-28 21:00:47[WARN] user: janh
GET /
USE eager loading detected
  Widget::Card => [:translations]
  Add to your query: .includes([:translations])
Call stack
  /mnt/h/rails/democylabs/consul/app/views/shared/_card.html.erb:10:in `block in _app_views_shared__card_html_erb___4322917787869788948_263140'
  /mnt/h/rails/democylabs/consul/app/views/shared/_card.html.erb:3:in `_app_views_shared__card_html_erb___4322917787869788948_263140'
  /mnt/h/rails/democylabs/consul/app/views/shared/_cards.html.erb:4:in `block in _app_views_shared__cards_html_erb__4423757543227983040_263100'
  /mnt/h/rails/democylabs/consul/app/views/shared/_cards.html.erb:3:in `_app_views_shared__cards_html_erb__4423757543227983040_263100'
  /mnt/h/rails/democylabs/consul/app/views/welcome/index.html.erb:24:in `_app_views_welcome_index_html_erb___1619489535976913044_256000'
  /mnt/h/rails/democylabs/consul/config/initializers/wicked_pdf.rb:10:in `render'

2021-10-31 09:21:30[WARN] user: janh
GET /
USE eager loading detected
  Proposal => [:image]
  Add to your query: .includes([:image])
Call stack
  /mnt/h/rails/democylabs/consul/app/components/widget/feeds/proposal_component.html.erb:3:in `call'
  /mnt/h/rails/democylabs/consul/app/components/widget/feeds/feed_component.html.erb:9:in `block in call'
  /mnt/h/rails/democylabs/consul/app/components/widget/feeds/feed_component.html.erb:8:in `call'
  /mnt/h/rails/democylabs/consul/app/components/widget/feeds/participation_component.html.erb:4:in `block in call'
  /mnt/h/rails/democylabs/consul/app/components/widget/feeds/participation_component.html.erb:2:in `each'
  /mnt/h/rails/democylabs/consul/app/components/widget/feeds/participation_component.html.erb:2:in `call'
  /mnt/h/rails/democylabs/consul/app/views/welcome/_feeds.html.erb:1:in `_app_views_welcome__feeds_html_erb__4523426158881352620_261780'
  /mnt/h/rails/democylabs/consul/app/views/welcome/index.html.erb:17:in `_app_views_welcome_index_html_erb___1721036136065839222_260740'
  /mnt/h/rails/democylabs/consul/config/initializers/wicked_pdf.rb:10:in `render'

2021-10-31 09:21:30[WARN] user: janh
GET /
USE eager loading detected
  Proposal => [:translations]
  Add to your query: .includes([:translations])
Call stack
  /mnt/h/rails/democylabs/consul/app/components/widget/feeds/proposal_component.html.erb:4:in `call'
  /mnt/h/rails/democylabs/consul/app/components/widget/feeds/feed_component.html.erb:9:in `block in call'
  /mnt/h/rails/democylabs/consul/app/components/widget/feeds/feed_component.html.erb:8:in `call'
  /mnt/h/rails/democylabs/consul/app/components/widget/feeds/participation_component.html.erb:4:in `block in call'
  /mnt/h/rails/democylabs/consul/app/components/widget/feeds/participation_component.html.erb:2:in `each'
  /mnt/h/rails/democylabs/consul/app/components/widget/feeds/participation_component.html.erb:2:in `call'
  /mnt/h/rails/democylabs/consul/app/views/welcome/_feeds.html.erb:1:in `_app_views_welcome__feeds_html_erb__4523426158881352620_261780'
  /mnt/h/rails/democylabs/consul/app/views/welcome/index.html.erb:17:in `_app_views_welcome_index_html_erb___1721036136065839222_260740'
  /mnt/h/rails/democylabs/consul/config/initializers/wicked_pdf.rb:10:in `render'

2021-10-31 09:21:30[WARN] user: janh
GET /
USE eager loading detected
  Proposal => [:sdg_goals]
  Add to your query: .includes([:sdg_goals])
Call stack
  /mnt/h/rails/democylabs/consul/app/components/sdg/tag_list_component.rb:11:in `render?'
  /mnt/h/rails/democylabs/consul/app/components/widget/feeds/proposal_component.html.erb:6:in `call'
  /mnt/h/rails/democylabs/consul/app/components/widget/feeds/feed_component.html.erb:9:in `block in call'
  /mnt/h/rails/democylabs/consul/app/components/widget/feeds/feed_component.html.erb:8:in `call'
  /mnt/h/rails/democylabs/consul/app/components/widget/feeds/participation_component.html.erb:4:in `block in call'
  /mnt/h/rails/democylabs/consul/app/components/widget/feeds/participation_component.html.erb:2:in `each'
  /mnt/h/rails/democylabs/consul/app/components/widget/feeds/participation_component.html.erb:2:in `call'
  /mnt/h/rails/democylabs/consul/app/views/welcome/_feeds.html.erb:1:in `_app_views_welcome__feeds_html_erb__4523426158881352620_261780'
  /mnt/h/rails/democylabs/consul/app/views/welcome/index.html.erb:17:in `_app_views_welcome_index_html_erb___1721036136065839222_260740'
  /mnt/h/rails/democylabs/consul/config/initializers/wicked_pdf.rb:10:in `render'

2021-10-31 09:21:30[WARN] user: janh
GET /
USE eager loading detected
  Proposal => [:sdg_relations]
  Add to your query: .includes([:sdg_relations])
Call stack
  /mnt/h/rails/democylabs/consul/app/models/concerns/sdg/relatable.rb:56:in `sdg_targets'
  /mnt/h/rails/democylabs/consul/app/components/sdg/tag_list_component.rb:11:in `render?'
  /mnt/h/rails/democylabs/consul/app/components/widget/feeds/proposal_component.html.erb:6:in `call'
  /mnt/h/rails/democylabs/consul/app/components/widget/feeds/feed_component.html.erb:9:in `block in call'
  /mnt/h/rails/democylabs/consul/app/components/widget/feeds/feed_component.html.erb:8:in `call'
  /mnt/h/rails/democylabs/consul/app/components/widget/feeds/participation_component.html.erb:4:in `block in call'
  /mnt/h/rails/democylabs/consul/app/components/widget/feeds/participation_component.html.erb:2:in `each'
  /mnt/h/rails/democylabs/consul/app/components/widget/feeds/participation_component.html.erb:2:in `call'
  /mnt/h/rails/democylabs/consul/app/views/welcome/_feeds.html.erb:1:in `_app_views_welcome__feeds_html_erb__4523426158881352620_261780'
  /mnt/h/rails/democylabs/consul/app/views/welcome/index.html.erb:17:in `_app_views_welcome_index_html_erb___1721036136065839222_260740'
  /mnt/h/rails/democylabs/consul/config/initializers/wicked_pdf.rb:10:in `render'

2021-10-31 09:21:30[WARN] user: janh
GET /
USE eager loading detected
  Proposal => [:sdg_global_targets]
  Add to your query: .includes([:sdg_global_targets])
Call stack
  /mnt/h/rails/democylabs/consul/app/models/concerns/sdg/relatable.rb:56:in `sdg_targets'
  /mnt/h/rails/democylabs/consul/app/components/sdg/tag_list_component.rb:11:in `render?'
  /mnt/h/rails/democylabs/consul/app/components/widget/feeds/proposal_component.html.erb:6:in `call'
  /mnt/h/rails/democylabs/consul/app/components/widget/feeds/feed_component.html.erb:9:in `block in call'
  /mnt/h/rails/democylabs/consul/app/components/widget/feeds/feed_component.html.erb:8:in `call'
  /mnt/h/rails/democylabs/consul/app/components/widget/feeds/participation_component.html.erb:4:in `block in call'
  /mnt/h/rails/democylabs/consul/app/components/widget/feeds/participation_component.html.erb:2:in `each'
  /mnt/h/rails/democylabs/consul/app/components/widget/feeds/participation_component.html.erb:2:in `call'
  /mnt/h/rails/democylabs/consul/app/views/welcome/_feeds.html.erb:1:in `_app_views_welcome__feeds_html_erb__4523426158881352620_261780'
  /mnt/h/rails/democylabs/consul/app/views/welcome/index.html.erb:17:in `_app_views_welcome_index_html_erb___1721036136065839222_260740'
  /mnt/h/rails/democylabs/consul/config/initializers/wicked_pdf.rb:10:in `render'

2021-10-31 09:21:30[WARN] user: janh
GET /
USE eager loading detected
  Proposal => [:sdg_local_targets]
  Add to your query: .includes([:sdg_local_targets])
Call stack
  /mnt/h/rails/democylabs/consul/app/models/concerns/sdg/relatable.rb:56:in `sdg_targets'
  /mnt/h/rails/democylabs/consul/app/components/sdg/tag_list_component.rb:11:in `render?'
  /mnt/h/rails/democylabs/consul/app/components/widget/feeds/proposal_component.html.erb:6:in `call'
  /mnt/h/rails/democylabs/consul/app/components/widget/feeds/feed_component.html.erb:9:in `block in call'
  /mnt/h/rails/democylabs/consul/app/components/widget/feeds/feed_component.html.erb:8:in `call'
  /mnt/h/rails/democylabs/consul/app/components/widget/feeds/participation_component.html.erb:4:in `block in call'
  /mnt/h/rails/democylabs/consul/app/components/widget/feeds/participation_component.html.erb:2:in `each'
  /mnt/h/rails/democylabs/consul/app/components/widget/feeds/participation_component.html.erb:2:in `call'
  /mnt/h/rails/democylabs/consul/app/views/welcome/_feeds.html.erb:1:in `_app_views_welcome__feeds_html_erb__4523426158881352620_261780'
  /mnt/h/rails/democylabs/consul/app/views/welcome/index.html.erb:17:in `_app_views_welcome_index_html_erb___1721036136065839222_260740'
  /mnt/h/rails/democylabs/consul/config/initializers/wicked_pdf.rb:10:in `render'

2021-10-31 09:21:30[WARN] user: janh
GET /
USE eager loading detected
  Debate => [:translations]
  Add to your query: .includes([:translations])
Call stack
  /mnt/h/rails/democylabs/consul/app/components/widget/feeds/debate_component.html.erb:2:in `call'
  /mnt/h/rails/democylabs/consul/app/components/widget/feeds/feed_component.html.erb:9:in `block in call'
  /mnt/h/rails/democylabs/consul/app/components/widget/feeds/feed_component.html.erb:8:in `call'
  /mnt/h/rails/democylabs/consul/app/components/widget/feeds/participation_component.html.erb:4:in `block in call'
  /mnt/h/rails/democylabs/consul/app/components/widget/feeds/participation_component.html.erb:2:in `each'
  /mnt/h/rails/democylabs/consul/app/components/widget/feeds/participation_component.html.erb:2:in `call'
  /mnt/h/rails/democylabs/consul/app/views/welcome/_feeds.html.erb:1:in `_app_views_welcome__feeds_html_erb__4523426158881352620_261780'
  /mnt/h/rails/democylabs/consul/app/views/welcome/index.html.erb:17:in `_app_views_welcome_index_html_erb___1721036136065839222_260740'
  /mnt/h/rails/democylabs/consul/config/initializers/wicked_pdf.rb:10:in `render'

2021-10-31 09:21:30[WARN] user: janh
GET /
USE eager loading detected
  Debate => [:sdg_goals]
  Add to your query: .includes([:sdg_goals])
Call stack
  /mnt/h/rails/democylabs/consul/app/components/sdg/tag_list_component.rb:11:in `render?'
  /mnt/h/rails/democylabs/consul/app/components/widget/feeds/debate_component.html.erb:3:in `call'
  /mnt/h/rails/democylabs/consul/app/components/widget/feeds/feed_component.html.erb:9:in `block in call'
  /mnt/h/rails/democylabs/consul/app/components/widget/feeds/feed_component.html.erb:8:in `call'
  /mnt/h/rails/democylabs/consul/app/components/widget/feeds/participation_component.html.erb:4:in `block in call'
  /mnt/h/rails/democylabs/consul/app/components/widget/feeds/participation_component.html.erb:2:in `each'
  /mnt/h/rails/democylabs/consul/app/components/widget/feeds/participation_component.html.erb:2:in `call'
  /mnt/h/rails/democylabs/consul/app/views/welcome/_feeds.html.erb:1:in `_app_views_welcome__feeds_html_erb__4523426158881352620_261780'
  /mnt/h/rails/democylabs/consul/app/views/welcome/index.html.erb:17:in `_app_views_welcome_index_html_erb___1721036136065839222_260740'
  /mnt/h/rails/democylabs/consul/config/initializers/wicked_pdf.rb:10:in `render'

2021-10-31 09:21:30[WARN] user: janh
GET /
USE eager loading detected
  Debate => [:sdg_relations]
  Add to your query: .includes([:sdg_relations])
Call stack
  /mnt/h/rails/democylabs/consul/app/models/concerns/sdg/relatable.rb:56:in `sdg_targets'
  /mnt/h/rails/democylabs/consul/app/components/sdg/tag_list_component.rb:11:in `render?'
  /mnt/h/rails/democylabs/consul/app/components/widget/feeds/debate_component.html.erb:3:in `call'
  /mnt/h/rails/democylabs/consul/app/components/widget/feeds/feed_component.html.erb:9:in `block in call'
  /mnt/h/rails/democylabs/consul/app/components/widget/feeds/feed_component.html.erb:8:in `call'
  /mnt/h/rails/democylabs/consul/app/components/widget/feeds/participation_component.html.erb:4:in `block in call'
  /mnt/h/rails/democylabs/consul/app/components/widget/feeds/participation_component.html.erb:2:in `each'
  /mnt/h/rails/democylabs/consul/app/components/widget/feeds/participation_component.html.erb:2:in `call'
  /mnt/h/rails/democylabs/consul/app/views/welcome/_feeds.html.erb:1:in `_app_views_welcome__feeds_html_erb__4523426158881352620_261780'
  /mnt/h/rails/democylabs/consul/app/views/welcome/index.html.erb:17:in `_app_views_welcome_index_html_erb___1721036136065839222_260740'
  /mnt/h/rails/democylabs/consul/config/initializers/wicked_pdf.rb:10:in `render'

2021-10-31 09:21:30[WARN] user: janh
GET /
USE eager loading detected
  Debate => [:sdg_global_targets]
  Add to your query: .includes([:sdg_global_targets])
Call stack
  /mnt/h/rails/democylabs/consul/app/models/concerns/sdg/relatable.rb:56:in `sdg_targets'
  /mnt/h/rails/democylabs/consul/app/components/sdg/tag_list_component.rb:11:in `render?'
  /mnt/h/rails/democylabs/consul/app/components/widget/feeds/debate_component.html.erb:3:in `call'
  /mnt/h/rails/democylabs/consul/app/components/widget/feeds/feed_component.html.erb:9:in `block in call'
  /mnt/h/rails/democylabs/consul/app/components/widget/feeds/feed_component.html.erb:8:in `call'
  /mnt/h/rails/democylabs/consul/app/components/widget/feeds/participation_component.html.erb:4:in `block in call'
  /mnt/h/rails/democylabs/consul/app/components/widget/feeds/participation_component.html.erb:2:in `each'
  /mnt/h/rails/democylabs/consul/app/components/widget/feeds/participation_component.html.erb:2:in `call'
  /mnt/h/rails/democylabs/consul/app/views/welcome/_feeds.html.erb:1:in `_app_views_welcome__feeds_html_erb__4523426158881352620_261780'
  /mnt/h/rails/democylabs/consul/app/views/welcome/index.html.erb:17:in `_app_views_welcome_index_html_erb___1721036136065839222_260740'
  /mnt/h/rails/democylabs/consul/config/initializers/wicked_pdf.rb:10:in `render'

2021-10-31 09:21:30[WARN] user: janh
GET /
USE eager loading detected
  Debate => [:sdg_local_targets]
  Add to your query: .includes([:sdg_local_targets])
Call stack
  /mnt/h/rails/democylabs/consul/app/models/concerns/sdg/relatable.rb:56:in `sdg_targets'
  /mnt/h/rails/democylabs/consul/app/components/sdg/tag_list_component.rb:11:in `render?'
  /mnt/h/rails/democylabs/consul/app/components/widget/feeds/debate_component.html.erb:3:in `call'
  /mnt/h/rails/democylabs/consul/app/components/widget/feeds/feed_component.html.erb:9:in `block in call'
  /mnt/h/rails/democylabs/consul/app/components/widget/feeds/feed_component.html.erb:8:in `call'
  /mnt/h/rails/democylabs/consul/app/components/widget/feeds/participation_component.html.erb:4:in `block in call'
  /mnt/h/rails/democylabs/consul/app/components/widget/feeds/participation_component.html.erb:2:in `each'
  /mnt/h/rails/democylabs/consul/app/components/widget/feeds/participation_component.html.erb:2:in `call'
  /mnt/h/rails/democylabs/consul/app/views/welcome/_feeds.html.erb:1:in `_app_views_welcome__feeds_html_erb__4523426158881352620_261780'
  /mnt/h/rails/democylabs/consul/app/views/welcome/index.html.erb:17:in `_app_views_welcome_index_html_erb___1721036136065839222_260740'
  /mnt/h/rails/democylabs/consul/config/initializers/wicked_pdf.rb:10:in `render'

2021-10-31 09:21:30[WARN] user: janh
GET /
USE eager loading detected
  Widget::Card => [:image]
  Add to your query: .includes([:image])
Call stack
  /mnt/h/rails/democylabs/consul/app/views/shared/_card.html.erb:6:in `block in _app_views_shared__card_html_erb___3813512574443465786_263420'
  /mnt/h/rails/democylabs/consul/app/views/shared/_card.html.erb:3:in `_app_views_shared__card_html_erb___3813512574443465786_263420'
  /mnt/h/rails/democylabs/consul/app/views/shared/_cards.html.erb:4:in `block in _app_views_shared__cards_html_erb___3197142455722046139_263380'
  /mnt/h/rails/democylabs/consul/app/views/shared/_cards.html.erb:3:in `_app_views_shared__cards_html_erb___3197142455722046139_263380'
  /mnt/h/rails/democylabs/consul/app/views/welcome/index.html.erb:24:in `_app_views_welcome_index_html_erb___1721036136065839222_260740'
  /mnt/h/rails/democylabs/consul/config/initializers/wicked_pdf.rb:10:in `render'

2021-10-31 09:21:30[WARN] user: janh
GET /
USE eager loading detected
  Widget::Card => [:translations]
  Add to your query: .includes([:translations])
Call stack
  /mnt/h/rails/democylabs/consul/app/views/shared/_card.html.erb:10:in `block in _app_views_shared__card_html_erb___3813512574443465786_263420'
  /mnt/h/rails/democylabs/consul/app/views/shared/_card.html.erb:3:in `_app_views_shared__card_html_erb___3813512574443465786_263420'
  /mnt/h/rails/democylabs/consul/app/views/shared/_cards.html.erb:4:in `block in _app_views_shared__cards_html_erb___3197142455722046139_263380'
  /mnt/h/rails/democylabs/consul/app/views/shared/_cards.html.erb:3:in `_app_views_shared__cards_html_erb___3197142455722046139_263380'
  /mnt/h/rails/democylabs/consul/app/views/welcome/index.html.erb:24:in `_app_views_welcome_index_html_erb___1721036136065839222_260740'
  /mnt/h/rails/democylabs/consul/config/initializers/wicked_pdf.rb:10:in `render'

2021-10-31 10:27:29[WARN] user: janh
GET /
USE eager loading detected
  Proposal => [:image]
  Add to your query: .includes([:image])
Call stack
  /mnt/h/rails/democylabs/consul/app/components/widget/feeds/proposal_component.html.erb:3:in `call'
  /mnt/h/rails/democylabs/consul/app/components/widget/feeds/feed_component.html.erb:9:in `block in call'
  /mnt/h/rails/democylabs/consul/app/components/widget/feeds/feed_component.html.erb:8:in `call'
  /mnt/h/rails/democylabs/consul/app/components/widget/feeds/participation_component.html.erb:4:in `block in call'
  /mnt/h/rails/democylabs/consul/app/components/widget/feeds/participation_component.html.erb:2:in `each'
  /mnt/h/rails/democylabs/consul/app/components/widget/feeds/participation_component.html.erb:2:in `call'
  /mnt/h/rails/democylabs/consul/app/views/welcome/_feeds.html.erb:1:in `_app_views_welcome__feeds_html_erb___2532048069175991823_261780'
  /mnt/h/rails/democylabs/consul/app/views/welcome/index.html.erb:17:in `_app_views_welcome_index_html_erb__1442288635608801186_260740'
  /mnt/h/rails/democylabs/consul/config/initializers/wicked_pdf.rb:10:in `render'

2021-10-31 10:27:29[WARN] user: janh
GET /
USE eager loading detected
  Proposal => [:translations]
  Add to your query: .includes([:translations])
Call stack
  /mnt/h/rails/democylabs/consul/app/components/widget/feeds/proposal_component.html.erb:4:in `call'
  /mnt/h/rails/democylabs/consul/app/components/widget/feeds/feed_component.html.erb:9:in `block in call'
  /mnt/h/rails/democylabs/consul/app/components/widget/feeds/feed_component.html.erb:8:in `call'
  /mnt/h/rails/democylabs/consul/app/components/widget/feeds/participation_component.html.erb:4:in `block in call'
  /mnt/h/rails/democylabs/consul/app/components/widget/feeds/participation_component.html.erb:2:in `each'
  /mnt/h/rails/democylabs/consul/app/components/widget/feeds/participation_component.html.erb:2:in `call'
  /mnt/h/rails/democylabs/consul/app/views/welcome/_feeds.html.erb:1:in `_app_views_welcome__feeds_html_erb___2532048069175991823_261780'
  /mnt/h/rails/democylabs/consul/app/views/welcome/index.html.erb:17:in `_app_views_welcome_index_html_erb__1442288635608801186_260740'
  /mnt/h/rails/democylabs/consul/config/initializers/wicked_pdf.rb:10:in `render'

2021-10-31 10:27:29[WARN] user: janh
GET /
USE eager loading detected
  Proposal => [:sdg_goals]
  Add to your query: .includes([:sdg_goals])
Call stack
  /mnt/h/rails/democylabs/consul/app/components/sdg/tag_list_component.rb:11:in `render?'
  /mnt/h/rails/democylabs/consul/app/components/widget/feeds/proposal_component.html.erb:6:in `call'
  /mnt/h/rails/democylabs/consul/app/components/widget/feeds/feed_component.html.erb:9:in `block in call'
  /mnt/h/rails/democylabs/consul/app/components/widget/feeds/feed_component.html.erb:8:in `call'
  /mnt/h/rails/democylabs/consul/app/components/widget/feeds/participation_component.html.erb:4:in `block in call'
  /mnt/h/rails/democylabs/consul/app/components/widget/feeds/participation_component.html.erb:2:in `each'
  /mnt/h/rails/democylabs/consul/app/components/widget/feeds/participation_component.html.erb:2:in `call'
  /mnt/h/rails/democylabs/consul/app/views/welcome/_feeds.html.erb:1:in `_app_views_welcome__feeds_html_erb___2532048069175991823_261780'
  /mnt/h/rails/democylabs/consul/app/views/welcome/index.html.erb:17:in `_app_views_welcome_index_html_erb__1442288635608801186_260740'
  /mnt/h/rails/democylabs/consul/config/initializers/wicked_pdf.rb:10:in `render'

2021-10-31 10:27:29[WARN] user: janh
GET /
USE eager loading detected
  Proposal => [:sdg_relations]
  Add to your query: .includes([:sdg_relations])
Call stack
  /mnt/h/rails/democylabs/consul/app/models/concerns/sdg/relatable.rb:56:in `sdg_targets'
  /mnt/h/rails/democylabs/consul/app/components/sdg/tag_list_component.rb:11:in `render?'
  /mnt/h/rails/democylabs/consul/app/components/widget/feeds/proposal_component.html.erb:6:in `call'
  /mnt/h/rails/democylabs/consul/app/components/widget/feeds/feed_component.html.erb:9:in `block in call'
  /mnt/h/rails/democylabs/consul/app/components/widget/feeds/feed_component.html.erb:8:in `call'
  /mnt/h/rails/democylabs/consul/app/components/widget/feeds/participation_component.html.erb:4:in `block in call'
  /mnt/h/rails/democylabs/consul/app/components/widget/feeds/participation_component.html.erb:2:in `each'
  /mnt/h/rails/democylabs/consul/app/components/widget/feeds/participation_component.html.erb:2:in `call'
  /mnt/h/rails/democylabs/consul/app/views/welcome/_feeds.html.erb:1:in `_app_views_welcome__feeds_html_erb___2532048069175991823_261780'
  /mnt/h/rails/democylabs/consul/app/views/welcome/index.html.erb:17:in `_app_views_welcome_index_html_erb__1442288635608801186_260740'
  /mnt/h/rails/democylabs/consul/config/initializers/wicked_pdf.rb:10:in `render'

2021-10-31 10:27:29[WARN] user: janh
GET /
USE eager loading detected
  Proposal => [:sdg_global_targets]
  Add to your query: .includes([:sdg_global_targets])
Call stack
  /mnt/h/rails/democylabs/consul/app/models/concerns/sdg/relatable.rb:56:in `sdg_targets'
  /mnt/h/rails/democylabs/consul/app/components/sdg/tag_list_component.rb:11:in `render?'
  /mnt/h/rails/democylabs/consul/app/components/widget/feeds/proposal_component.html.erb:6:in `call'
  /mnt/h/rails/democylabs/consul/app/components/widget/feeds/feed_component.html.erb:9:in `block in call'
  /mnt/h/rails/democylabs/consul/app/components/widget/feeds/feed_component.html.erb:8:in `call'
  /mnt/h/rails/democylabs/consul/app/components/widget/feeds/participation_component.html.erb:4:in `block in call'
  /mnt/h/rails/democylabs/consul/app/components/widget/feeds/participation_component.html.erb:2:in `each'
  /mnt/h/rails/democylabs/consul/app/components/widget/feeds/participation_component.html.erb:2:in `call'
  /mnt/h/rails/democylabs/consul/app/views/welcome/_feeds.html.erb:1:in `_app_views_welcome__feeds_html_erb___2532048069175991823_261780'
  /mnt/h/rails/democylabs/consul/app/views/welcome/index.html.erb:17:in `_app_views_welcome_index_html_erb__1442288635608801186_260740'
  /mnt/h/rails/democylabs/consul/config/initializers/wicked_pdf.rb:10:in `render'

2021-10-31 10:27:29[WARN] user: janh
GET /
USE eager loading detected
  Proposal => [:sdg_local_targets]
  Add to your query: .includes([:sdg_local_targets])
Call stack
  /mnt/h/rails/democylabs/consul/app/models/concerns/sdg/relatable.rb:56:in `sdg_targets'
  /mnt/h/rails/democylabs/consul/app/components/sdg/tag_list_component.rb:11:in `render?'
  /mnt/h/rails/democylabs/consul/app/components/widget/feeds/proposal_component.html.erb:6:in `call'
  /mnt/h/rails/democylabs/consul/app/components/widget/feeds/feed_component.html.erb:9:in `block in call'
  /mnt/h/rails/democylabs/consul/app/components/widget/feeds/feed_component.html.erb:8:in `call'
  /mnt/h/rails/democylabs/consul/app/components/widget/feeds/participation_component.html.erb:4:in `block in call'
  /mnt/h/rails/democylabs/consul/app/components/widget/feeds/participation_component.html.erb:2:in `each'
  /mnt/h/rails/democylabs/consul/app/components/widget/feeds/participation_component.html.erb:2:in `call'
  /mnt/h/rails/democylabs/consul/app/views/welcome/_feeds.html.erb:1:in `_app_views_welcome__feeds_html_erb___2532048069175991823_261780'
  /mnt/h/rails/democylabs/consul/app/views/welcome/index.html.erb:17:in `_app_views_welcome_index_html_erb__1442288635608801186_260740'
  /mnt/h/rails/democylabs/consul/config/initializers/wicked_pdf.rb:10:in `render'

2021-10-31 10:27:29[WARN] user: janh
GET /
USE eager loading detected
  Debate => [:translations]
  Add to your query: .includes([:translations])
Call stack
  /mnt/h/rails/democylabs/consul/app/components/widget/feeds/debate_component.html.erb:2:in `call'
  /mnt/h/rails/democylabs/consul/app/components/widget/feeds/feed_component.html.erb:9:in `block in call'
  /mnt/h/rails/democylabs/consul/app/components/widget/feeds/feed_component.html.erb:8:in `call'
  /mnt/h/rails/democylabs/consul/app/components/widget/feeds/participation_component.html.erb:4:in `block in call'
  /mnt/h/rails/democylabs/consul/app/components/widget/feeds/participation_component.html.erb:2:in `each'
  /mnt/h/rails/democylabs/consul/app/components/widget/feeds/participation_component.html.erb:2:in `call'
  /mnt/h/rails/democylabs/consul/app/views/welcome/_feeds.html.erb:1:in `_app_views_welcome__feeds_html_erb___2532048069175991823_261780'
  /mnt/h/rails/democylabs/consul/app/views/welcome/index.html.erb:17:in `_app_views_welcome_index_html_erb__1442288635608801186_260740'
  /mnt/h/rails/democylabs/consul/config/initializers/wicked_pdf.rb:10:in `render'

2021-10-31 10:27:29[WARN] user: janh
GET /
USE eager loading detected
  Debate => [:sdg_goals]
  Add to your query: .includes([:sdg_goals])
Call stack
  /mnt/h/rails/democylabs/consul/app/components/sdg/tag_list_component.rb:11:in `render?'
  /mnt/h/rails/democylabs/consul/app/components/widget/feeds/debate_component.html.erb:3:in `call'
  /mnt/h/rails/democylabs/consul/app/components/widget/feeds/feed_component.html.erb:9:in `block in call'
  /mnt/h/rails/democylabs/consul/app/components/widget/feeds/feed_component.html.erb:8:in `call'
  /mnt/h/rails/democylabs/consul/app/components/widget/feeds/participation_component.html.erb:4:in `block in call'
  /mnt/h/rails/democylabs/consul/app/components/widget/feeds/participation_component.html.erb:2:in `each'
  /mnt/h/rails/democylabs/consul/app/components/widget/feeds/participation_component.html.erb:2:in `call'
  /mnt/h/rails/democylabs/consul/app/views/welcome/_feeds.html.erb:1:in `_app_views_welcome__feeds_html_erb___2532048069175991823_261780'
  /mnt/h/rails/democylabs/consul/app/views/welcome/index.html.erb:17:in `_app_views_welcome_index_html_erb__1442288635608801186_260740'
  /mnt/h/rails/democylabs/consul/config/initializers/wicked_pdf.rb:10:in `render'

2021-10-31 10:27:29[WARN] user: janh
GET /
USE eager loading detected
  Debate => [:sdg_relations]
  Add to your query: .includes([:sdg_relations])
Call stack
  /mnt/h/rails/democylabs/consul/app/models/concerns/sdg/relatable.rb:56:in `sdg_targets'
  /mnt/h/rails/democylabs/consul/app/components/sdg/tag_list_component.rb:11:in `render?'
  /mnt/h/rails/democylabs/consul/app/components/widget/feeds/debate_component.html.erb:3:in `call'
  /mnt/h/rails/democylabs/consul/app/components/widget/feeds/feed_component.html.erb:9:in `block in call'
  /mnt/h/rails/democylabs/consul/app/components/widget/feeds/feed_component.html.erb:8:in `call'
  /mnt/h/rails/democylabs/consul/app/components/widget/feeds/participation_component.html.erb:4:in `block in call'
  /mnt/h/rails/democylabs/consul/app/components/widget/feeds/participation_component.html.erb:2:in `each'
  /mnt/h/rails/democylabs/consul/app/components/widget/feeds/participation_component.html.erb:2:in `call'
  /mnt/h/rails/democylabs/consul/app/views/welcome/_feeds.html.erb:1:in `_app_views_welcome__feeds_html_erb___2532048069175991823_261780'
  /mnt/h/rails/democylabs/consul/app/views/welcome/index.html.erb:17:in `_app_views_welcome_index_html_erb__1442288635608801186_260740'
  /mnt/h/rails/democylabs/consul/config/initializers/wicked_pdf.rb:10:in `render'

2021-10-31 10:27:29[WARN] user: janh
GET /
USE eager loading detected
  Debate => [:sdg_global_targets]
  Add to your query: .includes([:sdg_global_targets])
Call stack
  /mnt/h/rails/democylabs/consul/app/models/concerns/sdg/relatable.rb:56:in `sdg_targets'
  /mnt/h/rails/democylabs/consul/app/components/sdg/tag_list_component.rb:11:in `render?'
  /mnt/h/rails/democylabs/consul/app/components/widget/feeds/debate_component.html.erb:3:in `call'
  /mnt/h/rails/democylabs/consul/app/components/widget/feeds/feed_component.html.erb:9:in `block in call'
  /mnt/h/rails/democylabs/consul/app/components/widget/feeds/feed_component.html.erb:8:in `call'
  /mnt/h/rails/democylabs/consul/app/components/widget/feeds/participation_component.html.erb:4:in `block in call'
  /mnt/h/rails/democylabs/consul/app/components/widget/feeds/participation_component.html.erb:2:in `each'
  /mnt/h/rails/democylabs/consul/app/components/widget/feeds/participation_component.html.erb:2:in `call'
  /mnt/h/rails/democylabs/consul/app/views/welcome/_feeds.html.erb:1:in `_app_views_welcome__feeds_html_erb___2532048069175991823_261780'
  /mnt/h/rails/democylabs/consul/app/views/welcome/index.html.erb:17:in `_app_views_welcome_index_html_erb__1442288635608801186_260740'
  /mnt/h/rails/democylabs/consul/config/initializers/wicked_pdf.rb:10:in `render'

2021-10-31 10:27:29[WARN] user: janh
GET /
USE eager loading detected
  Debate => [:sdg_local_targets]
  Add to your query: .includes([:sdg_local_targets])
Call stack
  /mnt/h/rails/democylabs/consul/app/models/concerns/sdg/relatable.rb:56:in `sdg_targets'
  /mnt/h/rails/democylabs/consul/app/components/sdg/tag_list_component.rb:11:in `render?'
  /mnt/h/rails/democylabs/consul/app/components/widget/feeds/debate_component.html.erb:3:in `call'
  /mnt/h/rails/democylabs/consul/app/components/widget/feeds/feed_component.html.erb:9:in `block in call'
  /mnt/h/rails/democylabs/consul/app/components/widget/feeds/feed_component.html.erb:8:in `call'
  /mnt/h/rails/democylabs/consul/app/components/widget/feeds/participation_component.html.erb:4:in `block in call'
  /mnt/h/rails/democylabs/consul/app/components/widget/feeds/participation_component.html.erb:2:in `each'
  /mnt/h/rails/democylabs/consul/app/components/widget/feeds/participation_component.html.erb:2:in `call'
  /mnt/h/rails/democylabs/consul/app/views/welcome/_feeds.html.erb:1:in `_app_views_welcome__feeds_html_erb___2532048069175991823_261780'
  /mnt/h/rails/democylabs/consul/app/views/welcome/index.html.erb:17:in `_app_views_welcome_index_html_erb__1442288635608801186_260740'
  /mnt/h/rails/democylabs/consul/config/initializers/wicked_pdf.rb:10:in `render'

2021-10-31 10:27:29[WARN] user: janh
GET /
USE eager loading detected
  Widget::Card => [:image]
  Add to your query: .includes([:image])
Call stack
  /mnt/h/rails/democylabs/consul/app/views/shared/_card.html.erb:6:in `block in _app_views_shared__card_html_erb___4096742088074430568_263420'
  /mnt/h/rails/democylabs/consul/app/views/shared/_card.html.erb:3:in `_app_views_shared__card_html_erb___4096742088074430568_263420'
  /mnt/h/rails/democylabs/consul/app/views/shared/_cards.html.erb:4:in `block in _app_views_shared__cards_html_erb__2173466003301570261_263380'
  /mnt/h/rails/democylabs/consul/app/views/shared/_cards.html.erb:3:in `_app_views_shared__cards_html_erb__2173466003301570261_263380'
  /mnt/h/rails/democylabs/consul/app/views/welcome/index.html.erb:24:in `_app_views_welcome_index_html_erb__1442288635608801186_260740'
  /mnt/h/rails/democylabs/consul/config/initializers/wicked_pdf.rb:10:in `render'

2021-10-31 10:27:29[WARN] user: janh
GET /
USE eager loading detected
  Widget::Card => [:translations]
  Add to your query: .includes([:translations])
Call stack
  /mnt/h/rails/democylabs/consul/app/views/shared/_card.html.erb:10:in `block in _app_views_shared__card_html_erb___4096742088074430568_263420'
  /mnt/h/rails/democylabs/consul/app/views/shared/_card.html.erb:3:in `_app_views_shared__card_html_erb___4096742088074430568_263420'
  /mnt/h/rails/democylabs/consul/app/views/shared/_cards.html.erb:4:in `block in _app_views_shared__cards_html_erb__2173466003301570261_263380'
  /mnt/h/rails/democylabs/consul/app/views/shared/_cards.html.erb:3:in `_app_views_shared__cards_html_erb__2173466003301570261_263380'
  /mnt/h/rails/democylabs/consul/app/views/welcome/index.html.erb:24:in `_app_views_welcome_index_html_erb__1442288635608801186_260740'
  /mnt/h/rails/democylabs/consul/config/initializers/wicked_pdf.rb:10:in `render'

2021-10-31 10:37:04[WARN] user: janh
GET /
USE eager loading detected
  Proposal => [:image]
  Add to your query: .includes([:image])
Call stack
  /mnt/h/rails/democylabs/consul/app/components/widget/feeds/proposal_component.html.erb:3:in `call'
  /mnt/h/rails/democylabs/consul/app/components/widget/feeds/feed_component.html.erb:9:in `block in call'
  /mnt/h/rails/democylabs/consul/app/components/widget/feeds/feed_component.html.erb:8:in `call'
  /mnt/h/rails/democylabs/consul/app/components/widget/feeds/participation_component.html.erb:4:in `block in call'
  /mnt/h/rails/democylabs/consul/app/components/widget/feeds/participation_component.html.erb:2:in `each'
  /mnt/h/rails/democylabs/consul/app/components/widget/feeds/participation_component.html.erb:2:in `call'
  /mnt/h/rails/democylabs/consul/app/views/welcome/_feeds.html.erb:1:in `_app_views_welcome__feeds_html_erb___2532048069175991823_284820'
  /mnt/h/rails/democylabs/consul/app/views/welcome/index.html.erb:17:in `_app_views_welcome_index_html_erb__1442288635608801186_284640'
  /mnt/h/rails/democylabs/consul/config/initializers/wicked_pdf.rb:10:in `render'

2021-10-31 10:37:04[WARN] user: janh
GET /
USE eager loading detected
  Proposal => [:translations]
  Add to your query: .includes([:translations])
Call stack
  /mnt/h/rails/democylabs/consul/app/components/widget/feeds/proposal_component.html.erb:4:in `call'
  /mnt/h/rails/democylabs/consul/app/components/widget/feeds/feed_component.html.erb:9:in `block in call'
  /mnt/h/rails/democylabs/consul/app/components/widget/feeds/feed_component.html.erb:8:in `call'
  /mnt/h/rails/democylabs/consul/app/components/widget/feeds/participation_component.html.erb:4:in `block in call'
  /mnt/h/rails/democylabs/consul/app/components/widget/feeds/participation_component.html.erb:2:in `each'
  /mnt/h/rails/democylabs/consul/app/components/widget/feeds/participation_component.html.erb:2:in `call'
  /mnt/h/rails/democylabs/consul/app/views/welcome/_feeds.html.erb:1:in `_app_views_welcome__feeds_html_erb___2532048069175991823_284820'
  /mnt/h/rails/democylabs/consul/app/views/welcome/index.html.erb:17:in `_app_views_welcome_index_html_erb__1442288635608801186_284640'
  /mnt/h/rails/democylabs/consul/config/initializers/wicked_pdf.rb:10:in `render'

2021-10-31 10:37:04[WARN] user: janh
GET /
USE eager loading detected
  Proposal => [:sdg_goals]
  Add to your query: .includes([:sdg_goals])
Call stack
  /mnt/h/rails/democylabs/consul/app/components/sdg/tag_list_component.rb:11:in `render?'
  /mnt/h/rails/democylabs/consul/app/components/widget/feeds/proposal_component.html.erb:6:in `call'
  /mnt/h/rails/democylabs/consul/app/components/widget/feeds/feed_component.html.erb:9:in `block in call'
  /mnt/h/rails/democylabs/consul/app/components/widget/feeds/feed_component.html.erb:8:in `call'
  /mnt/h/rails/democylabs/consul/app/components/widget/feeds/participation_component.html.erb:4:in `block in call'
  /mnt/h/rails/democylabs/consul/app/components/widget/feeds/participation_component.html.erb:2:in `each'
  /mnt/h/rails/democylabs/consul/app/components/widget/feeds/participation_component.html.erb:2:in `call'
  /mnt/h/rails/democylabs/consul/app/views/welcome/_feeds.html.erb:1:in `_app_views_welcome__feeds_html_erb___2532048069175991823_284820'
  /mnt/h/rails/democylabs/consul/app/views/welcome/index.html.erb:17:in `_app_views_welcome_index_html_erb__1442288635608801186_284640'
  /mnt/h/rails/democylabs/consul/config/initializers/wicked_pdf.rb:10:in `render'

2021-10-31 10:37:04[WARN] user: janh
GET /
USE eager loading detected
  Proposal => [:sdg_relations]
  Add to your query: .includes([:sdg_relations])
Call stack
  /mnt/h/rails/democylabs/consul/app/models/concerns/sdg/relatable.rb:56:in `sdg_targets'
  /mnt/h/rails/democylabs/consul/app/components/sdg/tag_list_component.rb:11:in `render?'
  /mnt/h/rails/democylabs/consul/app/components/widget/feeds/proposal_component.html.erb:6:in `call'
  /mnt/h/rails/democylabs/consul/app/components/widget/feeds/feed_component.html.erb:9:in `block in call'
  /mnt/h/rails/democylabs/consul/app/components/widget/feeds/feed_component.html.erb:8:in `call'
  /mnt/h/rails/democylabs/consul/app/components/widget/feeds/participation_component.html.erb:4:in `block in call'
  /mnt/h/rails/democylabs/consul/app/components/widget/feeds/participation_component.html.erb:2:in `each'
  /mnt/h/rails/democylabs/consul/app/components/widget/feeds/participation_component.html.erb:2:in `call'
  /mnt/h/rails/democylabs/consul/app/views/welcome/_feeds.html.erb:1:in `_app_views_welcome__feeds_html_erb___2532048069175991823_284820'
  /mnt/h/rails/democylabs/consul/app/views/welcome/index.html.erb:17:in `_app_views_welcome_index_html_erb__1442288635608801186_284640'
  /mnt/h/rails/democylabs/consul/config/initializers/wicked_pdf.rb:10:in `render'

2021-10-31 10:37:04[WARN] user: janh
GET /
USE eager loading detected
  Proposal => [:sdg_global_targets]
  Add to your query: .includes([:sdg_global_targets])
Call stack
  /mnt/h/rails/democylabs/consul/app/models/concerns/sdg/relatable.rb:56:in `sdg_targets'
  /mnt/h/rails/democylabs/consul/app/components/sdg/tag_list_component.rb:11:in `render?'
  /mnt/h/rails/democylabs/consul/app/components/widget/feeds/proposal_component.html.erb:6:in `call'
  /mnt/h/rails/democylabs/consul/app/components/widget/feeds/feed_component.html.erb:9:in `block in call'
  /mnt/h/rails/democylabs/consul/app/components/widget/feeds/feed_component.html.erb:8:in `call'
  /mnt/h/rails/democylabs/consul/app/components/widget/feeds/participation_component.html.erb:4:in `block in call'
  /mnt/h/rails/democylabs/consul/app/components/widget/feeds/participation_component.html.erb:2:in `each'
  /mnt/h/rails/democylabs/consul/app/components/widget/feeds/participation_component.html.erb:2:in `call'
  /mnt/h/rails/democylabs/consul/app/views/welcome/_feeds.html.erb:1:in `_app_views_welcome__feeds_html_erb___2532048069175991823_284820'
  /mnt/h/rails/democylabs/consul/app/views/welcome/index.html.erb:17:in `_app_views_welcome_index_html_erb__1442288635608801186_284640'
  /mnt/h/rails/democylabs/consul/config/initializers/wicked_pdf.rb:10:in `render'

2021-10-31 10:37:04[WARN] user: janh
GET /
USE eager loading detected
  Proposal => [:sdg_local_targets]
  Add to your query: .includes([:sdg_local_targets])
Call stack
  /mnt/h/rails/democylabs/consul/app/models/concerns/sdg/relatable.rb:56:in `sdg_targets'
  /mnt/h/rails/democylabs/consul/app/components/sdg/tag_list_component.rb:11:in `render?'
  /mnt/h/rails/democylabs/consul/app/components/widget/feeds/proposal_component.html.erb:6:in `call'
  /mnt/h/rails/democylabs/consul/app/components/widget/feeds/feed_component.html.erb:9:in `block in call'
  /mnt/h/rails/democylabs/consul/app/components/widget/feeds/feed_component.html.erb:8:in `call'
  /mnt/h/rails/democylabs/consul/app/components/widget/feeds/participation_component.html.erb:4:in `block in call'
  /mnt/h/rails/democylabs/consul/app/components/widget/feeds/participation_component.html.erb:2:in `each'
  /mnt/h/rails/democylabs/consul/app/components/widget/feeds/participation_component.html.erb:2:in `call'
  /mnt/h/rails/democylabs/consul/app/views/welcome/_feeds.html.erb:1:in `_app_views_welcome__feeds_html_erb___2532048069175991823_284820'
  /mnt/h/rails/democylabs/consul/app/views/welcome/index.html.erb:17:in `_app_views_welcome_index_html_erb__1442288635608801186_284640'
  /mnt/h/rails/democylabs/consul/config/initializers/wicked_pdf.rb:10:in `render'

2021-10-31 10:37:04[WARN] user: janh
GET /
USE eager loading detected
  Debate => [:translations]
  Add to your query: .includes([:translations])
Call stack
  /mnt/h/rails/democylabs/consul/app/components/widget/feeds/debate_component.html.erb:2:in `call'
  /mnt/h/rails/democylabs/consul/app/components/widget/feeds/feed_component.html.erb:9:in `block in call'
  /mnt/h/rails/democylabs/consul/app/components/widget/feeds/feed_component.html.erb:8:in `call'
  /mnt/h/rails/democylabs/consul/app/components/widget/feeds/participation_component.html.erb:4:in `block in call'
  /mnt/h/rails/democylabs/consul/app/components/widget/feeds/participation_component.html.erb:2:in `each'
  /mnt/h/rails/democylabs/consul/app/components/widget/feeds/participation_component.html.erb:2:in `call'
  /mnt/h/rails/democylabs/consul/app/views/welcome/_feeds.html.erb:1:in `_app_views_welcome__feeds_html_erb___2532048069175991823_284820'
  /mnt/h/rails/democylabs/consul/app/views/welcome/index.html.erb:17:in `_app_views_welcome_index_html_erb__1442288635608801186_284640'
  /mnt/h/rails/democylabs/consul/config/initializers/wicked_pdf.rb:10:in `render'

2021-10-31 10:37:04[WARN] user: janh
GET /
USE eager loading detected
  Debate => [:sdg_goals]
  Add to your query: .includes([:sdg_goals])
Call stack
  /mnt/h/rails/democylabs/consul/app/components/sdg/tag_list_component.rb:11:in `render?'
  /mnt/h/rails/democylabs/consul/app/components/widget/feeds/debate_component.html.erb:3:in `call'
  /mnt/h/rails/democylabs/consul/app/components/widget/feeds/feed_component.html.erb:9:in `block in call'
  /mnt/h/rails/democylabs/consul/app/components/widget/feeds/feed_component.html.erb:8:in `call'
  /mnt/h/rails/democylabs/consul/app/components/widget/feeds/participation_component.html.erb:4:in `block in call'
  /mnt/h/rails/democylabs/consul/app/components/widget/feeds/participation_component.html.erb:2:in `each'
  /mnt/h/rails/democylabs/consul/app/components/widget/feeds/participation_component.html.erb:2:in `call'
  /mnt/h/rails/democylabs/consul/app/views/welcome/_feeds.html.erb:1:in `_app_views_welcome__feeds_html_erb___2532048069175991823_284820'
  /mnt/h/rails/democylabs/consul/app/views/welcome/index.html.erb:17:in `_app_views_welcome_index_html_erb__1442288635608801186_284640'
  /mnt/h/rails/democylabs/consul/config/initializers/wicked_pdf.rb:10:in `render'

2021-10-31 10:37:04[WARN] user: janh
GET /
USE eager loading detected
  Debate => [:sdg_relations]
  Add to your query: .includes([:sdg_relations])
Call stack
  /mnt/h/rails/democylabs/consul/app/models/concerns/sdg/relatable.rb:56:in `sdg_targets'
  /mnt/h/rails/democylabs/consul/app/components/sdg/tag_list_component.rb:11:in `render?'
  /mnt/h/rails/democylabs/consul/app/components/widget/feeds/debate_component.html.erb:3:in `call'
  /mnt/h/rails/democylabs/consul/app/components/widget/feeds/feed_component.html.erb:9:in `block in call'
  /mnt/h/rails/democylabs/consul/app/components/widget/feeds/feed_component.html.erb:8:in `call'
  /mnt/h/rails/democylabs/consul/app/components/widget/feeds/participation_component.html.erb:4:in `block in call'
  /mnt/h/rails/democylabs/consul/app/components/widget/feeds/participation_component.html.erb:2:in `each'
  /mnt/h/rails/democylabs/consul/app/components/widget/feeds/participation_component.html.erb:2:in `call'
  /mnt/h/rails/democylabs/consul/app/views/welcome/_feeds.html.erb:1:in `_app_views_welcome__feeds_html_erb___2532048069175991823_284820'
  /mnt/h/rails/democylabs/consul/app/views/welcome/index.html.erb:17:in `_app_views_welcome_index_html_erb__1442288635608801186_284640'
  /mnt/h/rails/democylabs/consul/config/initializers/wicked_pdf.rb:10:in `render'

2021-10-31 10:37:04[WARN] user: janh
GET /
USE eager loading detected
  Debate => [:sdg_global_targets]
  Add to your query: .includes([:sdg_global_targets])
Call stack
  /mnt/h/rails/democylabs/consul/app/models/concerns/sdg/relatable.rb:56:in `sdg_targets'
  /mnt/h/rails/democylabs/consul/app/components/sdg/tag_list_component.rb:11:in `render?'
  /mnt/h/rails/democylabs/consul/app/components/widget/feeds/debate_component.html.erb:3:in `call'
  /mnt/h/rails/democylabs/consul/app/components/widget/feeds/feed_component.html.erb:9:in `block in call'
  /mnt/h/rails/democylabs/consul/app/components/widget/feeds/feed_component.html.erb:8:in `call'
  /mnt/h/rails/democylabs/consul/app/components/widget/feeds/participation_component.html.erb:4:in `block in call'
  /mnt/h/rails/democylabs/consul/app/components/widget/feeds/participation_component.html.erb:2:in `each'
  /mnt/h/rails/democylabs/consul/app/components/widget/feeds/participation_component.html.erb:2:in `call'
  /mnt/h/rails/democylabs/consul/app/views/welcome/_feeds.html.erb:1:in `_app_views_welcome__feeds_html_erb___2532048069175991823_284820'
  /mnt/h/rails/democylabs/consul/app/views/welcome/index.html.erb:17:in `_app_views_welcome_index_html_erb__1442288635608801186_284640'
  /mnt/h/rails/democylabs/consul/config/initializers/wicked_pdf.rb:10:in `render'

2021-10-31 10:37:04[WARN] user: janh
GET /
USE eager loading detected
  Debate => [:sdg_local_targets]
  Add to your query: .includes([:sdg_local_targets])
Call stack
  /mnt/h/rails/democylabs/consul/app/models/concerns/sdg/relatable.rb:56:in `sdg_targets'
  /mnt/h/rails/democylabs/consul/app/components/sdg/tag_list_component.rb:11:in `render?'
  /mnt/h/rails/democylabs/consul/app/components/widget/feeds/debate_component.html.erb:3:in `call'
  /mnt/h/rails/democylabs/consul/app/components/widget/feeds/feed_component.html.erb:9:in `block in call'
  /mnt/h/rails/democylabs/consul/app/components/widget/feeds/feed_component.html.erb:8:in `call'
  /mnt/h/rails/democylabs/consul/app/components/widget/feeds/participation_component.html.erb:4:in `block in call'
  /mnt/h/rails/democylabs/consul/app/components/widget/feeds/participation_component.html.erb:2:in `each'
  /mnt/h/rails/democylabs/consul/app/components/widget/feeds/participation_component.html.erb:2:in `call'
  /mnt/h/rails/democylabs/consul/app/views/welcome/_feeds.html.erb:1:in `_app_views_welcome__feeds_html_erb___2532048069175991823_284820'
  /mnt/h/rails/democylabs/consul/app/views/welcome/index.html.erb:17:in `_app_views_welcome_index_html_erb__1442288635608801186_284640'
  /mnt/h/rails/democylabs/consul/config/initializers/wicked_pdf.rb:10:in `render'

2021-10-31 10:37:04[WARN] user: janh
GET /
USE eager loading detected
  Widget::Card => [:image]
  Add to your query: .includes([:image])
Call stack
  /mnt/h/rails/democylabs/consul/app/views/shared/_card.html.erb:6:in `block in _app_views_shared__card_html_erb___4096742088074430568_285680'
  /mnt/h/rails/democylabs/consul/app/views/shared/_card.html.erb:3:in `_app_views_shared__card_html_erb___4096742088074430568_285680'
  /mnt/h/rails/democylabs/consul/app/views/shared/_cards.html.erb:4:in `block in _app_views_shared__cards_html_erb__2173466003301570261_285640'
  /mnt/h/rails/democylabs/consul/app/views/shared/_cards.html.erb:3:in `_app_views_shared__cards_html_erb__2173466003301570261_285640'
  /mnt/h/rails/democylabs/consul/app/views/welcome/index.html.erb:24:in `_app_views_welcome_index_html_erb__1442288635608801186_284640'
  /mnt/h/rails/democylabs/consul/config/initializers/wicked_pdf.rb:10:in `render'

2021-10-31 10:37:04[WARN] user: janh
GET /
USE eager loading detected
  Widget::Card => [:translations]
  Add to your query: .includes([:translations])
Call stack
  /mnt/h/rails/democylabs/consul/app/views/shared/_card.html.erb:10:in `block in _app_views_shared__card_html_erb___4096742088074430568_285680'
  /mnt/h/rails/democylabs/consul/app/views/shared/_card.html.erb:3:in `_app_views_shared__card_html_erb___4096742088074430568_285680'
  /mnt/h/rails/democylabs/consul/app/views/shared/_cards.html.erb:4:in `block in _app_views_shared__cards_html_erb__2173466003301570261_285640'
  /mnt/h/rails/democylabs/consul/app/views/shared/_cards.html.erb:3:in `_app_views_shared__cards_html_erb__2173466003301570261_285640'
  /mnt/h/rails/democylabs/consul/app/views/welcome/index.html.erb:24:in `_app_views_welcome_index_html_erb__1442288635608801186_284640'
  /mnt/h/rails/democylabs/consul/config/initializers/wicked_pdf.rb:10:in `render'

2022-01-16 12:39:25[WARN] user: rodribo
GET /debates
USE eager loading detected
  SDG::Target => [:goal]
  Add to your query: .includes([:goal])
Call stack
  /mnt/c/Users/joel9/Consul/DemocyLabsJH/app/models/sdg/target.rb:25:in `i18n_key'
  /mnt/c/Users/joel9/Consul/DemocyLabsJH/app/models/sdg/target.rb:11:in `title'
  /mnt/c/Users/joel9/Consul/DemocyLabsJH/app/models/concerns/sdg/related.rb:46:in `code_and_title'
  /mnt/c/Users/joel9/Consul/DemocyLabsJH/app/components/concerns/sdg/options_for_select.rb:11:in `target_options'
  /mnt/c/Users/joel9/Consul/DemocyLabsJH/app/components/shared/advanced_search_component.rb:33:in `target_options'
  /mnt/c/Users/joel9/Consul/DemocyLabsJH/app/components/shared/advanced_search_component.html.erb:50:in `block in call'
  /mnt/c/Users/joel9/Consul/DemocyLabsJH/app/components/shared/advanced_search_component.html.erb:1:in `call'
  /mnt/c/Users/joel9/Consul/DemocyLabsJH/app/views/debates/index.html.erb:55:in `_app_views_debates_index_html_erb___1414360991940429495_1394900'
  /mnt/c/Users/joel9/Consul/DemocyLabsJH/config/initializers/wicked_pdf.rb:10:in `render'

2022-01-16 12:39:25[WARN] user: rodribo
GET /debates
USE eager loading detected
  SDG::LocalTarget => [:translations]
  Add to your query: .includes([:translations])
Call stack
  /mnt/c/Users/joel9/Consul/DemocyLabsJH/app/models/concerns/sdg/related.rb:46:in `code_and_title'
  /mnt/c/Users/joel9/Consul/DemocyLabsJH/app/components/concerns/sdg/options_for_select.rb:11:in `target_options'
  /mnt/c/Users/joel9/Consul/DemocyLabsJH/app/components/shared/advanced_search_component.rb:33:in `target_options'
  /mnt/c/Users/joel9/Consul/DemocyLabsJH/app/components/shared/advanced_search_component.html.erb:50:in `block in call'
  /mnt/c/Users/joel9/Consul/DemocyLabsJH/app/components/shared/advanced_search_component.html.erb:1:in `call'
  /mnt/c/Users/joel9/Consul/DemocyLabsJH/app/views/debates/index.html.erb:55:in `_app_views_debates_index_html_erb___1414360991940429495_1394900'
  /mnt/c/Users/joel9/Consul/DemocyLabsJH/config/initializers/wicked_pdf.rb:10:in `render'

2022-01-16 12:39:25[WARN] user: rodribo
GET /debates
USE eager loading detected
  Debate => [:translations]
  Add to your query: .includes([:translations])
Call stack
  /mnt/c/Users/joel9/Consul/DemocyLabsJH/app/views/debates/_debate.html.erb:8:in `block in _app_views_debates__debate_html_erb__3283098700205617872_1400560'
  /mnt/c/Users/joel9/Consul/DemocyLabsJH/app/views/debates/_debate.html.erb:1:in `_app_views_debates__debate_html_erb__3283098700205617872_1400560'
  /mnt/c/Users/joel9/Consul/DemocyLabsJH/app/views/debates/index.html.erb:65:in `_app_views_debates_index_html_erb___1414360991940429495_1394900'
  /mnt/c/Users/joel9/Consul/DemocyLabsJH/config/initializers/wicked_pdf.rb:10:in `render'

2022-01-16 12:39:25[WARN] user: rodribo
GET /debates
USE eager loading detected
  Debate => [:author]
  Add to your query: .includes([:author])
Call stack
  /mnt/c/Users/joel9/Consul/DemocyLabsJH/app/views/debates/_debate.html.erb:15:in `block in _app_views_debates__debate_html_erb__3283098700205617872_1400560'
  /mnt/c/Users/joel9/Consul/DemocyLabsJH/app/views/debates/_debate.html.erb:1:in `_app_views_debates__debate_html_erb__3283098700205617872_1400560'
  /mnt/c/Users/joel9/Consul/DemocyLabsJH/app/views/debates/index.html.erb:65:in `_app_views_debates_index_html_erb___1414360991940429495_1394900'
  /mnt/c/Users/joel9/Consul/DemocyLabsJH/config/initializers/wicked_pdf.rb:10:in `render'

2022-01-16 12:39:25[WARN] user: rodribo
GET /debates
USE eager loading detected
  Debate => [:sdg_goals]
  Add to your query: .includes([:sdg_goals])
Call stack
  /mnt/c/Users/joel9/Consul/DemocyLabsJH/app/components/sdg/tag_list_component.rb:11:in `render?'
  /mnt/c/Users/joel9/Consul/DemocyLabsJH/app/views/shared/_tags.html.erb:3:in `_app_views_shared__tags_html_erb___1065180942285047803_1400740'
  /mnt/c/Users/joel9/Consul/DemocyLabsJH/app/views/debates/_debate.html.erb:45:in `block in _app_views_debates__debate_html_erb__3283098700205617872_1400560'
  /mnt/c/Users/joel9/Consul/DemocyLabsJH/app/views/debates/_debate.html.erb:1:in `_app_views_debates__debate_html_erb__3283098700205617872_1400560'
  /mnt/c/Users/joel9/Consul/DemocyLabsJH/app/views/debates/index.html.erb:65:in `_app_views_debates_index_html_erb___1414360991940429495_1394900'
  /mnt/c/Users/joel9/Consul/DemocyLabsJH/config/initializers/wicked_pdf.rb:10:in `render'

2022-01-16 12:39:25[WARN] user: rodribo
GET /debates
USE eager loading detected
  Debate => [:sdg_relations]
  Add to your query: .includes([:sdg_relations])
Call stack
  /mnt/c/Users/joel9/Consul/DemocyLabsJH/app/models/concerns/sdg/relatable.rb:56:in `sdg_targets'
  /mnt/c/Users/joel9/Consul/DemocyLabsJH/app/components/sdg/tag_list_component.rb:11:in `render?'
  /mnt/c/Users/joel9/Consul/DemocyLabsJH/app/views/shared/_tags.html.erb:3:in `_app_views_shared__tags_html_erb___1065180942285047803_1400740'
  /mnt/c/Users/joel9/Consul/DemocyLabsJH/app/views/debates/_debate.html.erb:45:in `block in _app_views_debates__debate_html_erb__3283098700205617872_1400560'
  /mnt/c/Users/joel9/Consul/DemocyLabsJH/app/views/debates/_debate.html.erb:1:in `_app_views_debates__debate_html_erb__3283098700205617872_1400560'
  /mnt/c/Users/joel9/Consul/DemocyLabsJH/app/views/debates/index.html.erb:65:in `_app_views_debates_index_html_erb___1414360991940429495_1394900'
  /mnt/c/Users/joel9/Consul/DemocyLabsJH/config/initializers/wicked_pdf.rb:10:in `render'

2022-01-16 12:39:25[WARN] user: rodribo
GET /debates
USE eager loading detected
  Debate => [:sdg_global_targets]
  Add to your query: .includes([:sdg_global_targets])
Call stack
  /mnt/c/Users/joel9/Consul/DemocyLabsJH/app/models/concerns/sdg/relatable.rb:56:in `sdg_targets'
  /mnt/c/Users/joel9/Consul/DemocyLabsJH/app/components/sdg/tag_list_component.rb:11:in `render?'
  /mnt/c/Users/joel9/Consul/DemocyLabsJH/app/views/shared/_tags.html.erb:3:in `_app_views_shared__tags_html_erb___1065180942285047803_1400740'
  /mnt/c/Users/joel9/Consul/DemocyLabsJH/app/views/debates/_debate.html.erb:45:in `block in _app_views_debates__debate_html_erb__3283098700205617872_1400560'
  /mnt/c/Users/joel9/Consul/DemocyLabsJH/app/views/debates/_debate.html.erb:1:in `_app_views_debates__debate_html_erb__3283098700205617872_1400560'
  /mnt/c/Users/joel9/Consul/DemocyLabsJH/app/views/debates/index.html.erb:65:in `_app_views_debates_index_html_erb___1414360991940429495_1394900'
  /mnt/c/Users/joel9/Consul/DemocyLabsJH/config/initializers/wicked_pdf.rb:10:in `render'

2022-01-16 12:39:25[WARN] user: rodribo
GET /debates
USE eager loading detected
  Debate => [:sdg_local_targets]
  Add to your query: .includes([:sdg_local_targets])
Call stack
  /mnt/c/Users/joel9/Consul/DemocyLabsJH/app/models/concerns/sdg/relatable.rb:56:in `sdg_targets'
  /mnt/c/Users/joel9/Consul/DemocyLabsJH/app/components/sdg/tag_list_component.rb:11:in `render?'
  /mnt/c/Users/joel9/Consul/DemocyLabsJH/app/views/shared/_tags.html.erb:3:in `_app_views_shared__tags_html_erb___1065180942285047803_1400740'
  /mnt/c/Users/joel9/Consul/DemocyLabsJH/app/views/debates/_debate.html.erb:45:in `block in _app_views_debates__debate_html_erb__3283098700205617872_1400560'
  /mnt/c/Users/joel9/Consul/DemocyLabsJH/app/views/debates/_debate.html.erb:1:in `_app_views_debates__debate_html_erb__3283098700205617872_1400560'
  /mnt/c/Users/joel9/Consul/DemocyLabsJH/app/views/debates/index.html.erb:65:in `_app_views_debates_index_html_erb___1414360991940429495_1394900'
  /mnt/c/Users/joel9/Consul/DemocyLabsJH/config/initializers/wicked_pdf.rb:10:in `render'

2022-02-21 17:09:13[WARN] user: rodribo
GET /
USE eager loading detected
  Follow => [:followable]
  Add to your query: .includes([:followable])
Call stack
  /mnt/c/Users/joel9/Consul/DemocyLabsJH/app/models/user.rb:412:in `map'
  /mnt/c/Users/joel9/Consul/DemocyLabsJH/app/models/user.rb:412:in `interests'
  /mnt/c/Users/joel9/Consul/DemocyLabsJH/app/models/debate.rb:61:in `recommendations'
  /mnt/c/Users/joel9/Consul/DemocyLabsJH/app/controllers/welcome_controller.rb:36:in `set_user_recommendations'

2022-02-21 17:12:07[WARN] user: rodribo
GET /
USE eager loading detected
  Follow => [:followable]
  Add to your query: .includes([:followable])
Call stack
  /mnt/c/Users/joel9/Consul/DemocyLabsJH/app/models/user.rb:412:in `map'
  /mnt/c/Users/joel9/Consul/DemocyLabsJH/app/models/user.rb:412:in `interests'
  /mnt/c/Users/joel9/Consul/DemocyLabsJH/app/models/debate.rb:61:in `recommendations'
  /mnt/c/Users/joel9/Consul/DemocyLabsJH/app/controllers/welcome_controller.rb:36:in `set_user_recommendations'

2022-02-21 17:18:03[WARN] user: rodribo
GET /fellowships
USE eager loading detected
  Fellowship => [:image_attachment]
  Add to your query: .includes([:image_attachment])
Call stack
  /mnt/c/Users/joel9/Consul/DemocyLabsJH/app/views/fellowships/index.html.erb:15:in `block in _app_views_fellowships_index_html_erb__1371071335483272064_274760'
  /mnt/c/Users/joel9/Consul/DemocyLabsJH/app/views/fellowships/index.html.erb:9:in `_app_views_fellowships_index_html_erb__1371071335483272064_274760'
  /mnt/c/Users/joel9/Consul/DemocyLabsJH/config/initializers/wicked_pdf.rb:10:in `render'

2022-02-21 17:18:50[WARN] user: rodribo
GET /fellowships/15
USE eager loading detected
  FellowshipUser => [:user]
  Add to your query: .includes([:user])
Call stack
  /mnt/c/Users/joel9/Consul/DemocyLabsJH/app/views/fellowships/show.html.erb:87:in `block in _app_views_fellowships_show_html_erb__1706696525500705021_278320'
  /mnt/c/Users/joel9/Consul/DemocyLabsJH/app/views/fellowships/show.html.erb:83:in `_app_views_fellowships_show_html_erb__1706696525500705021_278320'
  /mnt/c/Users/joel9/Consul/DemocyLabsJH/config/initializers/wicked_pdf.rb:10:in `render'

2022-02-21 17:19:21[WARN] user: rodribo
GET /fellowships/15/leave
USE eager loading detected
  FellowshipUser => [:taggings]
  Add to your query: .includes([:taggings])
Call stack
  /mnt/c/Users/joel9/Consul/DemocyLabsJH/app/controllers/fellowships_controller.rb:146:in `block in leave'
  /mnt/c/Users/joel9/Consul/DemocyLabsJH/app/controllers/fellowships_controller.rb:143:in `leave'

2022-02-21 17:19:21[WARN] user: rodribo
GET /fellowships/15/leave
USE eager loading detected
  FellowshipUser => [:tag_taggings]
  Add to your query: .includes([:tag_taggings])
Call stack
  /mnt/c/Users/joel9/Consul/DemocyLabsJH/app/controllers/fellowships_controller.rb:146:in `block in leave'
  /mnt/c/Users/joel9/Consul/DemocyLabsJH/app/controllers/fellowships_controller.rb:143:in `leave'

2022-02-21 17:19:21[WARN] user: rodribo
GET /fellowships/15/leave
USE eager loading detected
  FellowshipUser => [:ml_tag_taggings]
  Add to your query: .includes([:ml_tag_taggings])
Call stack
  /mnt/c/Users/joel9/Consul/DemocyLabsJH/app/controllers/fellowships_controller.rb:146:in `block in leave'
  /mnt/c/Users/joel9/Consul/DemocyLabsJH/app/controllers/fellowships_controller.rb:143:in `leave'

2022-02-21 17:20:16[WARN] user: rodribo
GET /fellowships
USE eager loading detected
  Fellowship => [:image_attachment]
  Add to your query: .includes([:image_attachment])
Call stack
  /mnt/c/Users/joel9/Consul/DemocyLabsJH/app/views/fellowships/index.html.erb:15:in `block in _app_views_fellowships_index_html_erb__1371071335483272064_282540'
  /mnt/c/Users/joel9/Consul/DemocyLabsJH/app/views/fellowships/index.html.erb:9:in `_app_views_fellowships_index_html_erb__1371071335483272064_282540'
  /mnt/c/Users/joel9/Consul/DemocyLabsJH/config/initializers/wicked_pdf.rb:10:in `render'

2022-02-21 18:19:22[WARN] user: rodribo
GET /
USE eager loading detected
  Follow => [:followable]
  Add to your query: .includes([:followable])
Call stack
  /mnt/c/Users/joel9/Consul/DemocyLabsJH/app/models/user.rb:412:in `map'
  /mnt/c/Users/joel9/Consul/DemocyLabsJH/app/models/user.rb:412:in `interests'
  /mnt/c/Users/joel9/Consul/DemocyLabsJH/app/models/debate.rb:61:in `recommendations'
  /mnt/c/Users/joel9/Consul/DemocyLabsJH/app/controllers/welcome_controller.rb:36:in `set_user_recommendations'

2022-02-21 18:22:08[WARN] user: rodribo
GET /fellowships
USE eager loading detected
  Fellowship => [:image_attachment]
  Add to your query: .includes([:image_attachment])
Call stack
  /mnt/c/Users/joel9/Consul/DemocyLabsJH/app/views/fellowships/index.html.erb:45:in `block in _app_views_fellowships_index_html_erb__1371071335483272064_480840'
  /mnt/c/Users/joel9/Consul/DemocyLabsJH/app/views/fellowships/index.html.erb:41:in `_app_views_fellowships_index_html_erb__1371071335483272064_480840'
  /mnt/c/Users/joel9/Consul/DemocyLabsJH/config/initializers/wicked_pdf.rb:10:in `render'

2022-02-21 18:45:40[WARN] user: rodribo
GET /fellowships/13
USE eager loading detected
  FellowshipUser => [:user]
  Add to your query: .includes([:user])
Call stack
  /mnt/c/Users/joel9/Consul/DemocyLabsJH/app/views/fellowships/show.html.erb:87:in `block in _app_views_fellowships_show_html_erb__1706696525500705021_487100'
  /mnt/c/Users/joel9/Consul/DemocyLabsJH/app/views/fellowships/show.html.erb:83:in `_app_views_fellowships_show_html_erb__1706696525500705021_487100'
  /mnt/c/Users/joel9/Consul/DemocyLabsJH/config/initializers/wicked_pdf.rb:10:in `render'

2022-02-21 18:46:33[WARN] user: rodribo
GET /fellowships/13/
USE eager loading detected
  FellowshipUser => [:user]
  Add to your query: .includes([:user])
Call stack
  /mnt/c/Users/joel9/Consul/DemocyLabsJH/app/views/fellowships/show.html.erb:87:in `block in _app_views_fellowships_show_html_erb__1706696525500705021_489680'
  /mnt/c/Users/joel9/Consul/DemocyLabsJH/app/views/fellowships/show.html.erb:83:in `_app_views_fellowships_show_html_erb__1706696525500705021_489680'
  /mnt/c/Users/joel9/Consul/DemocyLabsJH/config/initializers/wicked_pdf.rb:10:in `render'

2022-02-21 18:53:39[WARN] user: rodribo
GET /fellowships/13/
USE eager loading detected
  FellowshipUser => [:user]
  Add to your query: .includes([:user])
Call stack
  /mnt/c/Users/joel9/Consul/DemocyLabsJH/app/views/fellowships/show.html.erb:87:in `block in _app_views_fellowships_show_html_erb__1706696525500705021_675180'
  /mnt/c/Users/joel9/Consul/DemocyLabsJH/app/views/fellowships/show.html.erb:83:in `_app_views_fellowships_show_html_erb__1706696525500705021_675180'
  /mnt/c/Users/joel9/Consul/DemocyLabsJH/config/initializers/wicked_pdf.rb:10:in `render'

2022-02-21 18:54:45[WARN] user: rodribo
GET /fellowships/13
USE eager loading detected
  FellowshipUser => [:user]
  Add to your query: .includes([:user])
Call stack
  /mnt/c/Users/joel9/Consul/DemocyLabsJH/app/views/fellowships/show.html.erb:87:in `block in _app_views_fellowships_show_html_erb__1706696525500705021_679100'
  /mnt/c/Users/joel9/Consul/DemocyLabsJH/app/views/fellowships/show.html.erb:83:in `_app_views_fellowships_show_html_erb__1706696525500705021_679100'
  /mnt/c/Users/joel9/Consul/DemocyLabsJH/config/initializers/wicked_pdf.rb:10:in `render'

2022-02-21 19:12:02[WARN] user: rodribo
GET /fellowships/13
USE eager loading detected
  FellowshipUser => [:user]
  Add to your query: .includes([:user])
Call stack
  /mnt/c/Users/joel9/Consul/DemocyLabsJH/app/views/fellowships/show.html.erb:87:in `block in _app_views_fellowships_show_html_erb__1706696525500705021_1231040'
  /mnt/c/Users/joel9/Consul/DemocyLabsJH/app/views/fellowships/show.html.erb:83:in `_app_views_fellowships_show_html_erb__1706696525500705021_1231040'
  /mnt/c/Users/joel9/Consul/DemocyLabsJH/config/initializers/wicked_pdf.rb:10:in `render'

2022-02-22 14:06:17[WARN] user: rodribo
GET /fellowships/13
USE eager loading detected
  FellowshipUser => [:user]
  Add to your query: .includes([:user])
Call stack
  /mnt/c/Users/joel9/Consul/DemocyLabsJH/app/views/fellowships/show.html.erb:87:in `block in _app_views_fellowships_show_html_erb__1706696525500705021_7502860'
  /mnt/c/Users/joel9/Consul/DemocyLabsJH/app/views/fellowships/show.html.erb:83:in `_app_views_fellowships_show_html_erb__1706696525500705021_7502860'
  /mnt/c/Users/joel9/Consul/DemocyLabsJH/config/initializers/wicked_pdf.rb:10:in `render'

2022-02-22 14:11:43[WARN] user: rodribo
GET /fellowships
USE eager loading detected
  Fellowship => [:image_attachment]
  Add to your query: .includes([:image_attachment])
Call stack
  /mnt/c/Users/joel9/Consul/DemocyLabsJH/app/views/fellowships/index.html.erb:45:in `block in _app_views_fellowships_index_html_erb__1371071335483272064_7519660'
  /mnt/c/Users/joel9/Consul/DemocyLabsJH/app/views/fellowships/index.html.erb:41:in `_app_views_fellowships_index_html_erb__1371071335483272064_7519660'
  /mnt/c/Users/joel9/Consul/DemocyLabsJH/config/initializers/wicked_pdf.rb:10:in `render'

2022-02-22 14:13:25[WARN] user: rodribo
GET /fellowships/13
USE eager loading detected
  FellowshipUser => [:user]
  Add to your query: .includes([:user])
Call stack
  /mnt/c/Users/joel9/Consul/DemocyLabsJH/app/views/fellowships/show.html.erb:87:in `block in _app_views_fellowships_show_html_erb__1706696525500705021_7889800'
  /mnt/c/Users/joel9/Consul/DemocyLabsJH/app/views/fellowships/show.html.erb:83:in `_app_views_fellowships_show_html_erb__1706696525500705021_7889800'
  /mnt/c/Users/joel9/Consul/DemocyLabsJH/config/initializers/wicked_pdf.rb:10:in `render'

2022-02-22 14:14:02[WARN] user: rodribo
GET /fellowships/13
USE eager loading detected
  FellowshipUser => [:user]
  Add to your query: .includes([:user])
Call stack
  /mnt/c/Users/joel9/Consul/DemocyLabsJH/app/views/fellowships/show.html.erb:87:in `block in _app_views_fellowships_show_html_erb__1706696525500705021_7892880'
  /mnt/c/Users/joel9/Consul/DemocyLabsJH/app/views/fellowships/show.html.erb:83:in `_app_views_fellowships_show_html_erb__1706696525500705021_7892880'
  /mnt/c/Users/joel9/Consul/DemocyLabsJH/config/initializers/wicked_pdf.rb:10:in `render'

2022-02-22 14:33:39[WARN] user: rodribo
GET /fellowships/13
USE eager loading detected
  FellowshipUser => [:user]
  Add to your query: .includes([:user])
Call stack
  /mnt/c/Users/joel9/Consul/DemocyLabsJH/app/views/fellowships/show.html.erb:87:in `block in _app_views_fellowships_show_html_erb__1706696525500705021_8266440'
  /mnt/c/Users/joel9/Consul/DemocyLabsJH/app/views/fellowships/show.html.erb:83:in `_app_views_fellowships_show_html_erb__1706696525500705021_8266440'
  /mnt/c/Users/joel9/Consul/DemocyLabsJH/config/initializers/wicked_pdf.rb:10:in `render'

2022-02-22 14:34:15[WARN] user: rodribo
GET /fellowships/13
USE eager loading detected
  FellowshipUser => [:user]
  Add to your query: .includes([:user])
Call stack
  /mnt/c/Users/joel9/Consul/DemocyLabsJH/app/views/fellowships/show.html.erb:87:in `block in _app_views_fellowships_show_html_erb__1706696525500705021_8269800'
  /mnt/c/Users/joel9/Consul/DemocyLabsJH/app/views/fellowships/show.html.erb:83:in `_app_views_fellowships_show_html_erb__1706696525500705021_8269800'
  /mnt/c/Users/joel9/Consul/DemocyLabsJH/config/initializers/wicked_pdf.rb:10:in `render'

